    249880ns  Reset Exception Vector, IMEM addr: 32'h00000100
    250060ns  Reset Exception Vector, IMEM addr: 32'h00000100
    250180ns  Reset Exception Vector, IMEM addr: 32'h00000100
    251020ns  Reset Exception Vector, IMEM addr: 32'h00000100
    252810ns  >>>>>>>> AHB write to 90000014 - Interrupt Status Register is 00008001
    253410ns  >>>>>>>> AHB write to 9000000c  - Interrupt Mask : 00000000
    254130ns  >>>>>>>> AHB write to 9000000c  - Interrupt Mask : 00000007
    254370ns  >>>>>>>> AHB write to 90000020 - Clear the interrupt; data is 00000000
    255150ns  >>>>>>>> AHB write to 90000000 - Character is ** H **
    255870ns  >>>>>>>> AHB write to 90000000 - Character is ** e **
    256590ns  >>>>>>>> AHB write to 90000000 - Character is ** l **
    257310ns  >>>>>>>> AHB write to 90000000 - Character is ** l **
    258030ns  >>>>>>>> AHB write to 90000000 - Character is ** o **
    258750ns  >>>>>>>> AHB write to 90000000 - Character is ** , **
    259470ns  >>>>>>>> AHB write to 90000000 - Character is **   **
    260190ns  >>>>>>>> AHB write to 90000000 - Character is ** W **
    260910ns  >>>>>>>> AHB write to 90000000 - Character is ** o **
    261630ns  >>>>>>>> AHB write to 90000000 - Character is ** r **
    262350ns  >>>>>>>> AHB write to 90000000 - Character is ** l **
    263070ns  >>>>>>>> AHB write to 90000000 - Character is ** d **
    263790ns  >>>>>>>> AHB write to 90000000 - Character is ** ! **
    264510ns  >>>>>>>> AHB write to 90000000 - Character is ** 
 **
    265050ns  >>>>>>>> AHB write to 90000004 - Data: 00000000
    265650ns  >>>>>>>> AHB write to 90000004 - Data: 00000001
    266250ns  >>>>>>>> AHB write to 90000004 - Data: 00000002
    266850ns  >>>>>>>> AHB write to 90000004 - Data: 00000003
    267450ns  >>>>>>>> AHB write to 90000004 - Data: 00000004
    268050ns  >>>>>>>> AHB write to 90000004 - Data: 00000005
    268650ns  >>>>>>>> AHB write to 90000004 - Data: 00000006
    269250ns  >>>>>>>> AHB write to 90000004 - Data: 00000007
    269850ns  >>>>>>>> AHB write to 90000004 - Data: 00000008
    270450ns  >>>>>>>> AHB write to 90000004 - Data: 00000009
    271050ns  >>>>>>>> AHB write to 90000004 - Data: 0000000a
    271650ns  >>>>>>>> AHB write to 90000004 - Data: 0000000b
    272250ns  >>>>>>>> AHB write to 90000004 - Data: 0000000c
    272850ns  >>>>>>>> AHB write to 90000004 - Data: 0000000d
    273450ns  >>>>>>>> AHB write to 90000004 - Data: 0000000e
    274050ns  >>>>>>>> AHB write to 90000004 - Data: 0000000f
    274650ns  >>>>>>>> AHB write to 90000004 - Data: 00000010
    275250ns  >>>>>>>> AHB write to 90000004 - Data: 00000011
    275850ns  >>>>>>>> AHB write to 90000004 - Data: 00000012
    276450ns  >>>>>>>> AHB write to 90000004 - Data: 00000013
    277050ns  >>>>>>>> AHB write to 90000004 - Data: 00000014
    277650ns  >>>>>>>> AHB write to 90000004 - Data: 00000015
    278250ns  >>>>>>>> AHB write to 90000004 - Data: 00000016
    278850ns  >>>>>>>> AHB write to 90000004 - Data: 00000017
    279450ns  >>>>>>>> AHB write to 90000004 - Data: 00000018
    280050ns  >>>>>>>> AHB write to 90000004 - Data: 00000019
    280650ns  >>>>>>>> AHB write to 90000004 - Data: 0000001a
    281250ns  >>>>>>>> AHB write to 90000004 - Data: 0000001b
    281850ns  >>>>>>>> AHB write to 90000004 - Data: 0000001c
    282450ns  >>>>>>>> AHB write to 90000004 - Data: 0000001d
    283050ns  >>>>>>>> AHB write to 90000004 - Data: 0000001e
    283650ns  >>>>>>>> AHB write to 90000004 - Data: 0000001f
    284250ns  >>>>>>>> AHB write to 90000004 - Data: 00000020
    284850ns  >>>>>>>> AHB write to 90000004 - Data: 00000021
    285450ns  >>>>>>>> AHB write to 90000004 - Data: 00000022
    286050ns  >>>>>>>> AHB write to 90000004 - Data: 00000023
    286650ns  >>>>>>>> AHB write to 90000004 - Data: 00000024
    287250ns  >>>>>>>> AHB write to 90000004 - Data: 00000025
    287850ns  >>>>>>>> AHB write to 90000004 - Data: 00000026
    288450ns  >>>>>>>> AHB write to 90000004 - Data: 00000027
    289050ns  >>>>>>>> AHB write to 90000004 - Data: 00000028
    289650ns  >>>>>>>> AHB write to 90000004 - Data: 00000029
    290250ns  >>>>>>>> AHB write to 90000004 - Data: 0000002a
    290850ns  >>>>>>>> AHB write to 90000004 - Data: 0000002b
    291450ns  >>>>>>>> AHB write to 90000004 - Data: 0000002c
    292050ns  >>>>>>>> AHB write to 90000004 - Data: 0000002d
    292650ns  >>>>>>>> AHB write to 90000004 - Data: 0000002e
    293250ns  >>>>>>>> AHB write to 90000004 - Data: 0000002f
    293850ns  >>>>>>>> AHB write to 90000004 - Data: 00000030
    294450ns  >>>>>>>> AHB write to 90000004 - Data: 00000031
    295050ns  >>>>>>>> AHB write to 90000004 - Data: 00000032
    295650ns  >>>>>>>> AHB write to 90000004 - Data: 00000033
    296250ns  >>>>>>>> AHB write to 90000004 - Data: 00000034
    296850ns  >>>>>>>> AHB write to 90000004 - Data: 00000035
    297450ns  >>>>>>>> AHB write to 90000004 - Data: 00000036
    298050ns  >>>>>>>> AHB write to 90000004 - Data: 00000037
    298650ns  >>>>>>>> AHB write to 90000004 - Data: 00000038
    299250ns  >>>>>>>> AHB write to 90000004 - Data: 00000039
    299850ns  >>>>>>>> AHB write to 90000004 - Data: 0000003a
    300450ns  >>>>>>>> AHB write to 90000004 - Data: 0000003b
    301050ns  >>>>>>>> AHB write to 90000004 - Data: 0000003c
    301650ns  >>>>>>>> AHB write to 90000004 - Data: 0000003d
    302250ns  >>>>>>>> AHB write to 90000004 - Data: 0000003e
    302850ns  >>>>>>>> AHB write to 90000004 - Data: 0000003f
    303450ns  >>>>>>>> AHB write to 90000004 - Data: 00000040
    304050ns  >>>>>>>> AHB write to 90000004 - Data: 00000041
    304650ns  >>>>>>>> AHB write to 90000004 - Data: 00000042
    305250ns  >>>>>>>> AHB write to 90000004 - Data: 00000043
    305850ns  >>>>>>>> AHB write to 90000004 - Data: 00000044
    306450ns  >>>>>>>> AHB write to 90000004 - Data: 00000045
    307050ns  >>>>>>>> AHB write to 90000004 - Data: 00000046
    307650ns  >>>>>>>> AHB write to 90000004 - Data: 00000047
    308250ns  >>>>>>>> AHB write to 90000004 - Data: 00000048
    308850ns  >>>>>>>> AHB write to 90000004 - Data: 00000049
    309450ns  >>>>>>>> AHB write to 90000004 - Data: 0000004a
    310050ns  >>>>>>>> AHB write to 90000004 - Data: 0000004b
    310650ns  >>>>>>>> AHB write to 90000004 - Data: 0000004c
    311250ns  >>>>>>>> AHB write to 90000004 - Data: 0000004d
    311850ns  >>>>>>>> AHB write to 90000004 - Data: 0000004e
    312450ns  >>>>>>>> AHB write to 90000004 - Data: 0000004f
    313050ns  >>>>>>>> AHB write to 90000004 - Data: 00000050
    313650ns  >>>>>>>> AHB write to 90000004 - Data: 00000051
    314250ns  >>>>>>>> AHB write to 90000004 - Data: 00000052
    314850ns  >>>>>>>> AHB write to 90000004 - Data: 00000053
    315450ns  >>>>>>>> AHB write to 90000004 - Data: 00000054
    316050ns  >>>>>>>> AHB write to 90000004 - Data: 00000055
    316650ns  >>>>>>>> AHB write to 90000004 - Data: 00000056
    317250ns  >>>>>>>> AHB write to 90000004 - Data: 00000057
    317850ns  >>>>>>>> AHB write to 90000004 - Data: 00000058
    318450ns  >>>>>>>> AHB write to 90000004 - Data: 00000059
    319050ns  >>>>>>>> AHB write to 90000004 - Data: 0000005a
    319650ns  >>>>>>>> AHB write to 90000004 - Data: 0000005b
    320250ns  >>>>>>>> AHB write to 90000004 - Data: 0000005c
    320850ns  >>>>>>>> AHB write to 90000004 - Data: 0000005d
    321450ns  >>>>>>>> AHB write to 90000004 - Data: 0000005e
    322050ns  >>>>>>>> AHB write to 90000004 - Data: 0000005f
    322650ns  >>>>>>>> AHB write to 90000004 - Data: 00000060
    323250ns  >>>>>>>> AHB write to 90000004 - Data: 00000061
    323850ns  >>>>>>>> AHB write to 90000004 - Data: 00000062
    324450ns  >>>>>>>> AHB write to 90000004 - Data: 00000063
    325050ns  >>>>>>>> AHB write to 90000004 - Data: 00000064
    325650ns  >>>>>>>> AHB write to 90000004 - Data: 00000065
    326250ns  >>>>>>>> AHB write to 90000004 - Data: 00000066
    326850ns  >>>>>>>> AHB write to 90000004 - Data: 00000067
    327450ns  >>>>>>>> AHB write to 90000004 - Data: 00000068
    328050ns  >>>>>>>> AHB write to 90000004 - Data: 00000069
    328650ns  >>>>>>>> AHB write to 90000004 - Data: 0000006a
    329250ns  >>>>>>>> AHB write to 90000004 - Data: 0000006b
    329850ns  >>>>>>>> AHB write to 90000004 - Data: 0000006c
    330450ns  >>>>>>>> AHB write to 90000004 - Data: 0000006d
    331050ns  >>>>>>>> AHB write to 90000004 - Data: 0000006e
    331650ns  >>>>>>>> AHB write to 90000004 - Data: 0000006f
    332250ns  >>>>>>>> AHB write to 90000004 - Data: 00000070
    332850ns  >>>>>>>> AHB write to 90000004 - Data: 00000071
    333450ns  >>>>>>>> AHB write to 90000004 - Data: 00000072
    334050ns  >>>>>>>> AHB write to 90000004 - Data: 00000073
    334650ns  >>>>>>>> AHB write to 90000004 - Data: 00000074
    335250ns  >>>>>>>> AHB write to 90000004 - Data: 00000075
    335850ns  >>>>>>>> AHB write to 90000004 - Data: 00000076
    336450ns  >>>>>>>> AHB write to 90000004 - Data: 00000077
    337050ns  >>>>>>>> AHB write to 90000004 - Data: 00000078
    337650ns  >>>>>>>> AHB write to 90000004 - Data: 00000079
    338250ns  >>>>>>>> AHB write to 90000004 - Data: 0000007a
    338850ns  >>>>>>>> AHB write to 90000004 - Data: 0000007b
    339450ns  >>>>>>>> AHB write to 90000004 - Data: 0000007c
    340050ns  >>>>>>>> AHB write to 90000004 - Data: 0000007d
    340650ns  >>>>>>>> AHB write to 90000004 - Data: 0000007e
    341250ns  >>>>>>>> AHB write to 90000004 - Data: 0000007f
    341850ns  >>>>>>>> AHB write to 90000004 - Data: 00000080
    342450ns  >>>>>>>> AHB write to 90000004 - Data: 00000081
    343050ns  >>>>>>>> AHB write to 90000004 - Data: 00000082
    343650ns  >>>>>>>> AHB write to 90000004 - Data: 00000083
    344250ns  >>>>>>>> AHB write to 90000004 - Data: 00000084
    344850ns  >>>>>>>> AHB write to 90000004 - Data: 00000085
    345450ns  >>>>>>>> AHB write to 90000004 - Data: 00000086
    346050ns  >>>>>>>> AHB write to 90000004 - Data: 00000087
    346650ns  >>>>>>>> AHB write to 90000004 - Data: 00000088
    347250ns  >>>>>>>> AHB write to 90000004 - Data: 00000089
    347850ns  >>>>>>>> AHB write to 90000004 - Data: 0000008a
    348450ns  >>>>>>>> AHB write to 90000004 - Data: 0000008b
    349050ns  >>>>>>>> AHB write to 90000004 - Data: 0000008c
    349650ns  >>>>>>>> AHB write to 90000004 - Data: 0000008d
    350250ns  >>>>>>>> AHB write to 90000004 - Data: 0000008e
    350850ns  >>>>>>>> AHB write to 90000004 - Data: 0000008f
    351450ns  >>>>>>>> AHB write to 90000004 - Data: 00000090
    352050ns  >>>>>>>> AHB write to 90000004 - Data: 00000091
    352650ns  >>>>>>>> AHB write to 90000004 - Data: 00000092
    353250ns  >>>>>>>> AHB write to 90000004 - Data: 00000093
    353850ns  >>>>>>>> AHB write to 90000004 - Data: 00000094
    354450ns  >>>>>>>> AHB write to 90000004 - Data: 00000095
    355050ns  >>>>>>>> AHB write to 90000004 - Data: 00000096
    355650ns  >>>>>>>> AHB write to 90000004 - Data: 00000097
    356250ns  >>>>>>>> AHB write to 90000004 - Data: 00000098
    356850ns  >>>>>>>> AHB write to 90000004 - Data: 00000099
    357270ns  >>>>>>>> AHB write to 90000004 - Data: 00000099
    357690ns  >>>>>>>> AHB write to 90000004 - Data: 00000098
    358110ns  >>>>>>>> AHB write to 90000004 - Data: 00000097
    358530ns  >>>>>>>> AHB write to 90000004 - Data: 00000096
    358950ns  >>>>>>>> AHB write to 90000004 - Data: 00000095
    359370ns  >>>>>>>> AHB write to 90000004 - Data: 00000094
    359790ns  >>>>>>>> AHB write to 90000004 - Data: 00000093
    360210ns  >>>>>>>> AHB write to 90000004 - Data: 00000092
    360630ns  >>>>>>>> AHB write to 90000004 - Data: 00000091
    361050ns  >>>>>>>> AHB write to 90000004 - Data: 00000090
    361470ns  >>>>>>>> AHB write to 90000004 - Data: 0000008f
    361890ns  >>>>>>>> AHB write to 90000004 - Data: 0000008e
    362310ns  >>>>>>>> AHB write to 90000004 - Data: 0000008d
    362730ns  >>>>>>>> AHB write to 90000004 - Data: 0000008c
    363150ns  >>>>>>>> AHB write to 90000004 - Data: 0000008b
    363570ns  >>>>>>>> AHB write to 90000004 - Data: 0000008a
    363990ns  >>>>>>>> AHB write to 90000004 - Data: 00000089
    364410ns  >>>>>>>> AHB write to 90000004 - Data: 00000088
    364830ns  >>>>>>>> AHB write to 90000004 - Data: 00000087
    365250ns  >>>>>>>> AHB write to 90000004 - Data: 00000086
    365670ns  >>>>>>>> AHB write to 90000004 - Data: 00000085
    366090ns  >>>>>>>> AHB write to 90000004 - Data: 00000084
    366510ns  >>>>>>>> AHB write to 90000004 - Data: 00000083
    366930ns  >>>>>>>> AHB write to 90000004 - Data: 00000082
    367350ns  >>>>>>>> AHB write to 90000004 - Data: 00000081
    367770ns  >>>>>>>> AHB write to 90000004 - Data: 00000080
    368190ns  >>>>>>>> AHB write to 90000004 - Data: 0000007f
    368610ns  >>>>>>>> AHB write to 90000004 - Data: 0000007e
    369030ns  >>>>>>>> AHB write to 90000004 - Data: 0000007d
    369450ns  >>>>>>>> AHB write to 90000004 - Data: 0000007c
    369870ns  >>>>>>>> AHB write to 90000004 - Data: 0000007b
    370290ns  >>>>>>>> AHB write to 90000004 - Data: 0000007a
    370710ns  >>>>>>>> AHB write to 90000004 - Data: 00000079
    371130ns  >>>>>>>> AHB write to 90000004 - Data: 00000078
    371550ns  >>>>>>>> AHB write to 90000004 - Data: 00000077
    371970ns  >>>>>>>> AHB write to 90000004 - Data: 00000076
    372390ns  >>>>>>>> AHB write to 90000004 - Data: 00000075
    372810ns  >>>>>>>> AHB write to 90000004 - Data: 00000074
    373230ns  >>>>>>>> AHB write to 90000004 - Data: 00000073
    373650ns  >>>>>>>> AHB write to 90000004 - Data: 00000072
    374070ns  >>>>>>>> AHB write to 90000004 - Data: 00000071
    374490ns  >>>>>>>> AHB write to 90000004 - Data: 00000070
    374910ns  >>>>>>>> AHB write to 90000004 - Data: 0000006f
    375330ns  >>>>>>>> AHB write to 90000004 - Data: 0000006e
    375750ns  >>>>>>>> AHB write to 90000004 - Data: 0000006d
    376170ns  >>>>>>>> AHB write to 90000004 - Data: 0000006c
    376590ns  >>>>>>>> AHB write to 90000004 - Data: 0000006b
    377010ns  >>>>>>>> AHB write to 90000004 - Data: 0000006a
    377430ns  >>>>>>>> AHB write to 90000004 - Data: 00000069
    377850ns  >>>>>>>> AHB write to 90000004 - Data: 00000068
    378270ns  >>>>>>>> AHB write to 90000004 - Data: 00000067
    378690ns  >>>>>>>> AHB write to 90000004 - Data: 00000066
    379110ns  >>>>>>>> AHB write to 90000004 - Data: 00000065
    379530ns  >>>>>>>> AHB write to 90000004 - Data: 00000064
    379950ns  >>>>>>>> AHB write to 90000004 - Data: 00000063
    380370ns  >>>>>>>> AHB write to 90000004 - Data: 00000062
    380790ns  >>>>>>>> AHB write to 90000004 - Data: 00000061
    381210ns  >>>>>>>> AHB write to 90000004 - Data: 00000060
    381630ns  >>>>>>>> AHB write to 90000004 - Data: 0000005f
    382050ns  >>>>>>>> AHB write to 90000004 - Data: 0000005e
    382470ns  >>>>>>>> AHB write to 90000004 - Data: 0000005d
    382890ns  >>>>>>>> AHB write to 90000004 - Data: 0000005c
    383310ns  >>>>>>>> AHB write to 90000004 - Data: 0000005b
    383730ns  >>>>>>>> AHB write to 90000004 - Data: 0000005a
    384150ns  >>>>>>>> AHB write to 90000004 - Data: 00000059
    384570ns  >>>>>>>> AHB write to 90000004 - Data: 00000058
    384990ns  >>>>>>>> AHB write to 90000004 - Data: 00000057
    385410ns  >>>>>>>> AHB write to 90000004 - Data: 00000056
    385830ns  >>>>>>>> AHB write to 90000004 - Data: 00000055
    386250ns  >>>>>>>> AHB write to 90000004 - Data: 00000054
    386670ns  >>>>>>>> AHB write to 90000004 - Data: 00000053
    387090ns  >>>>>>>> AHB write to 90000004 - Data: 00000052
    387510ns  >>>>>>>> AHB write to 90000004 - Data: 00000051
    387930ns  >>>>>>>> AHB write to 90000004 - Data: 00000050
    388350ns  >>>>>>>> AHB write to 90000004 - Data: 0000004f
    388770ns  >>>>>>>> AHB write to 90000004 - Data: 0000004e
    389190ns  >>>>>>>> AHB write to 90000004 - Data: 0000004d
    389610ns  >>>>>>>> AHB write to 90000004 - Data: 0000004c
    390030ns  >>>>>>>> AHB write to 90000004 - Data: 0000004b
    390450ns  >>>>>>>> AHB write to 90000004 - Data: 0000004a
    390870ns  >>>>>>>> AHB write to 90000004 - Data: 00000049
    391290ns  >>>>>>>> AHB write to 90000004 - Data: 00000048
    391710ns  >>>>>>>> AHB write to 90000004 - Data: 00000047
    392130ns  >>>>>>>> AHB write to 90000004 - Data: 00000046
    392550ns  >>>>>>>> AHB write to 90000004 - Data: 00000045
    392970ns  >>>>>>>> AHB write to 90000004 - Data: 00000044
    393390ns  >>>>>>>> AHB write to 90000004 - Data: 00000043
    393810ns  >>>>>>>> AHB write to 90000004 - Data: 00000042
    394230ns  >>>>>>>> AHB write to 90000004 - Data: 00000041
    394650ns  >>>>>>>> AHB write to 90000004 - Data: 00000040
    395070ns  >>>>>>>> AHB write to 90000004 - Data: 0000003f
    395490ns  >>>>>>>> AHB write to 90000004 - Data: 0000003e
    395910ns  >>>>>>>> AHB write to 90000004 - Data: 0000003d
    396330ns  >>>>>>>> AHB write to 90000004 - Data: 0000003c
    396750ns  >>>>>>>> AHB write to 90000004 - Data: 0000003b
    397170ns  >>>>>>>> AHB write to 90000004 - Data: 0000003a
    397590ns  >>>>>>>> AHB write to 90000004 - Data: 00000039
    398010ns  >>>>>>>> AHB write to 90000004 - Data: 00000038
    398430ns  >>>>>>>> AHB write to 90000004 - Data: 00000037
    398850ns  >>>>>>>> AHB write to 90000004 - Data: 00000036
    399270ns  >>>>>>>> AHB write to 90000004 - Data: 00000035
    399690ns  >>>>>>>> AHB write to 90000004 - Data: 00000034
    400110ns  >>>>>>>> AHB write to 90000004 - Data: 00000033
    400530ns  >>>>>>>> AHB write to 90000004 - Data: 00000032
    400950ns  >>>>>>>> AHB write to 90000004 - Data: 00000031
    401370ns  >>>>>>>> AHB write to 90000004 - Data: 00000030
    401790ns  >>>>>>>> AHB write to 90000004 - Data: 0000002f
    402210ns  >>>>>>>> AHB write to 90000004 - Data: 0000002e
    402630ns  >>>>>>>> AHB write to 90000004 - Data: 0000002d
    403050ns  >>>>>>>> AHB write to 90000004 - Data: 0000002c
    403470ns  >>>>>>>> AHB write to 90000004 - Data: 0000002b
    403890ns  >>>>>>>> AHB write to 90000004 - Data: 0000002a
    404310ns  >>>>>>>> AHB write to 90000004 - Data: 00000029
    404730ns  >>>>>>>> AHB write to 90000004 - Data: 00000028
    405150ns  >>>>>>>> AHB write to 90000004 - Data: 00000027
    405570ns  >>>>>>>> AHB write to 90000004 - Data: 00000026
    405990ns  >>>>>>>> AHB write to 90000004 - Data: 00000025
    406410ns  >>>>>>>> AHB write to 90000004 - Data: 00000024
    406830ns  >>>>>>>> AHB write to 90000004 - Data: 00000023
    407250ns  >>>>>>>> AHB write to 90000004 - Data: 00000022
    407670ns  >>>>>>>> AHB write to 90000004 - Data: 00000021
    408090ns  >>>>>>>> AHB write to 90000004 - Data: 00000020
    408510ns  >>>>>>>> AHB write to 90000004 - Data: 0000001f
    408930ns  >>>>>>>> AHB write to 90000004 - Data: 0000001e
    409350ns  >>>>>>>> AHB write to 90000004 - Data: 0000001d
    409770ns  >>>>>>>> AHB write to 90000004 - Data: 0000001c
    410190ns  >>>>>>>> AHB write to 90000004 - Data: 0000001b
    410610ns  >>>>>>>> AHB write to 90000004 - Data: 0000001a
    411030ns  >>>>>>>> AHB write to 90000004 - Data: 00000019
    411450ns  >>>>>>>> AHB write to 90000004 - Data: 00000018
    411870ns  >>>>>>>> AHB write to 90000004 - Data: 00000017
    412290ns  >>>>>>>> AHB write to 90000004 - Data: 00000016
    412710ns  >>>>>>>> AHB write to 90000004 - Data: 00000015
    413130ns  >>>>>>>> AHB write to 90000004 - Data: 00000014
    413550ns  >>>>>>>> AHB write to 90000004 - Data: 00000013
    413970ns  >>>>>>>> AHB write to 90000004 - Data: 00000012
    414390ns  >>>>>>>> AHB write to 90000004 - Data: 00000011
    414810ns  >>>>>>>> AHB write to 90000004 - Data: 00000010
    415230ns  >>>>>>>> AHB write to 90000004 - Data: 0000000f
    415650ns  >>>>>>>> AHB write to 90000004 - Data: 0000000e
    416070ns  >>>>>>>> AHB write to 90000004 - Data: 0000000d
    416490ns  >>>>>>>> AHB write to 90000004 - Data: 0000000c
    416910ns  >>>>>>>> AHB write to 90000004 - Data: 0000000b
    417330ns  >>>>>>>> AHB write to 90000004 - Data: 0000000a
    417750ns  >>>>>>>> AHB write to 90000004 - Data: 00000009
    418170ns  >>>>>>>> AHB write to 90000004 - Data: 00000008
    418590ns  >>>>>>>> AHB write to 90000004 - Data: 00000007
    419010ns  >>>>>>>> AHB write to 90000004 - Data: 00000006
    419430ns  >>>>>>>> AHB write to 90000004 - Data: 00000005
    419850ns  >>>>>>>> AHB write to 90000004 - Data: 00000004
    420270ns  >>>>>>>> AHB write to 90000004 - Data: 00000003
    420690ns  >>>>>>>> AHB write to 90000004 - Data: 00000002
    421110ns  >>>>>>>> AHB write to 90000004 - Data: 00000001
    421530ns  >>>>>>>> AHB write to 90000004 - Data: 00000000
    422490ns  >>>>>>>> AHB write to 90000000 - Character is ** H **
    423210ns  >>>>>>>> AHB write to 90000000 - Character is ** e **
    423930ns  >>>>>>>> AHB write to 90000000 - Character is ** l **
    424650ns  >>>>>>>> AHB write to 90000000 - Character is ** l **
    425370ns  >>>>>>>> AHB write to 90000000 - Character is ** o **
    426090ns  >>>>>>>> AHB write to 90000000 - Character is ** , **
    426810ns  >>>>>>>> AHB write to 90000000 - Character is **   **
    427530ns  >>>>>>>> AHB write to 90000000 - Character is ** W **
    428250ns  >>>>>>>> AHB write to 90000000 - Character is ** o **
    428970ns  >>>>>>>> AHB write to 90000000 - Character is ** r **
    429690ns  >>>>>>>> AHB write to 90000000 - Character is ** l **
    430410ns  >>>>>>>> AHB write to 90000000 - Character is ** d **
    431130ns  >>>>>>>> AHB write to 90000000 - Character is ** ! **
    431850ns  >>>>>>>> AHB write to 90000000 - Character is ** 
 **
    432390ns  >>>>>>>> AHB write to 900000f0 - End of Simulation
    432450ns  ***********************End of Simulation
    432450ns  *********Number of Tick Timer Interrupts:   0 
    432450ns  *********Number of External Interrupts:   0 
    432450ns  *********Number of AHB READ is:    0 
    432450ns  *********Number of AHB WRITE is:  341 
