Flow report for light
Fri Feb 22 15:03:57 2013
Quartus II 64-Bit Version 11.0 Build 157 04/27/2011 SJ Full Version


---------------------
; Table of Contents ;
---------------------
  1. Legal Notice
  2. Flow Summary
  3. Flow Settings
  4. Flow Non-Default Global Settings
  5. Flow Elapsed Time
  6. Flow OS Summary
  7. Flow Log



----------------
; Legal Notice ;
----------------
Copyright (C) 1991-2011 Altera Corporation
Your use of Altera Corporation's design tools, logic functions 
and other software and tools, and its AMPP partner logic 
functions, and any output files from any of the foregoing 
(including device programming or simulation files), and any 
associated documentation or information are expressly subject 
to the terms and conditions of the Altera Program License 
Subscription Agreement, Altera MegaCore Function License 
Agreement, or other applicable license agreement, including, 
without limitation, that your use is for the sole purpose of 
programming logic devices manufactured by Altera and sold by 
Altera or its authorized distributors.  Please refer to the 
applicable agreement for further details.



+--------------------------------------------------------------------------------+
; Flow Summary                                                                   ;
+------------------------------------+-------------------------------------------+
; Flow Status                        ; Successful - Fri Feb 22 15:03:57 2013     ;
; Quartus II 64-Bit Version          ; 11.0 Build 157 04/27/2011 SJ Full Version ;
; Revision Name                      ; light                                     ;
; Top-level Entity Name              ; light                                     ;
; Family                             ; Cyclone IV E                              ;
; Device                             ; EP4CE115F29C7                             ;
; Timing Models                      ; Final                                     ;
; Total logic elements               ; 1 / 114,480 ( < 1 % )                     ;
;     Total combinational functions  ; 1 / 114,480 ( < 1 % )                     ;
;     Dedicated logic registers      ; 0 / 114,480 ( 0 % )                       ;
; Total registers                    ; 0                                         ;
; Total pins                         ; 3 / 529 ( 1 % )                           ;
; Total virtual pins                 ; 0                                         ;
; Total memory bits                  ; 0 / 3,981,312 ( 0 % )                     ;
; Embedded Multiplier 9-bit elements ; 0 / 532 ( 0 % )                           ;
; Total PLLs                         ; 0 / 4 ( 0 % )                             ;
+------------------------------------+-------------------------------------------+


+-----------------------------------------+
; Flow Settings                           ;
+-------------------+---------------------+
; Option            ; Setting             ;
+-------------------+---------------------+
; Start date & time ; 02/22/2013 15:03:04 ;
; Main task         ; Compilation         ;
; Revision Name     ; light               ;
+-------------------+---------------------+


+--------------------------------------------------------------------------------------------------------------------------------------+
; Flow Non-Default Global Settings                                                                                                     ;
+-------------------------------------+-----------------------------------------------------+---------------+-------------+------------+
; Assignment Name                     ; Value                                               ; Default Value ; Entity Name ; Section Id ;
+-------------------------------------+-----------------------------------------------------+---------------+-------------+------------+
; COMPILER_SIGNATURE_ID               ; 6752611267589.136155618103136                       ; --            ; --          ; --         ;
; MAX_CORE_JUNCTION_TEMP              ; 85                                                  ; --            ; --          ; --         ;
; MIN_CORE_JUNCTION_TEMP              ; 0                                                   ; --            ; --          ; --         ;
; MISC_FILE                           ; C:/Dropbox/Bolsista Eduardo/introtutorial/light.dpf ; --            ; --          ; --         ;
; NOMINAL_CORE_SUPPLY_VOLTAGE         ; 1.2V                                                ; --            ; --          ; --         ;
; NUM_PARALLEL_PROCESSORS             ; 16                                                  ; --            ; --          ; --         ;
; PARTITION_COLOR                     ; 16764057                                            ; --            ; --          ; Top        ;
; PARTITION_FITTER_PRESERVATION_LEVEL ; PLACEMENT_AND_ROUTING                               ; --            ; --          ; Top        ;
; PARTITION_NETLIST_TYPE              ; SOURCE                                              ; --            ; --          ; Top        ;
+-------------------------------------+-----------------------------------------------------+---------------+-------------+------------+


+-------------------------------------------------------------------------------------------------------------------------------+
; Flow Elapsed Time                                                                                                             ;
+---------------------------+--------------+-------------------------+---------------------+------------------------------------+
; Module Name               ; Elapsed Time ; Average Processors Used ; Peak Virtual Memory ; Total CPU Time (on all processors) ;
+---------------------------+--------------+-------------------------+---------------------+------------------------------------+
; Analysis & Synthesis      ; 00:00:14     ; 1.0                     ; 351 MB              ; 00:00:01                           ;
; Fitter                    ; 00:00:28     ; 2.6                     ; 687 MB              ; 00:00:18                           ;
; TimeQuest Timing Analyzer ; 00:00:18     ; 1.9                     ; 515 MB              ; 00:00:03                           ;
; Assembler                 ; 00:00:21     ; 1.0                     ; 583 MB              ; 00:00:06                           ;
; Total                     ; 00:01:21     ; --                      ; --                  ; 00:00:28                           ;
+---------------------------+--------------+-------------------------+---------------------+------------------------------------+


+----------------------------------------------------------------------------------------+
; Flow OS Summary                                                                        ;
+---------------------------+------------------+-----------+------------+----------------+
; Module Name               ; Machine Hostname ; OS Name   ; OS Version ; Processor type ;
+---------------------------+------------------+-----------+------------+----------------+
; Analysis & Synthesis      ; AAC_WIN7_01      ; Windows 7 ; 6.1        ; x86_64         ;
; Fitter                    ; AAC_WIN7_01      ; Windows 7 ; 6.1        ; x86_64         ;
; TimeQuest Timing Analyzer ; AAC_WIN7_01      ; Windows 7 ; 6.1        ; x86_64         ;
; Assembler                 ; AAC_WIN7_01      ; Windows 7 ; 6.1        ; x86_64         ;
+---------------------------+------------------+-----------+------------+----------------+


------------
; Flow Log ;
------------
quartus_map --read_settings_files=on --write_settings_files=off light -c light
quartus_fit --read_settings_files=off --write_settings_files=off light -c light
quartus_sta light -c light
quartus_asm --read_settings_files=off --write_settings_files=off light -c light



